[07/Apr/2025:04:06:57 +0000] | POST | /api/users/login | Status: 400 | Size: 36 bytes | ⏳ Time: 225.404 ms
[07/Apr/2025:04:07:36 +0000] | POST | /api/users/login | Status: 400 | Size: 36 bytes | ⏳ Time: 198.249 ms
[07/Apr/2025:04:10:01 +0000] | GET | /api/users/67d7acd53e8c91a1d4ead9a6 | Status: 404 | Size: 42 bytes | ⏳ Time: 1.541 ms
[07/Apr/2025:04:10:01 +0000] | GET | /api/stocks/brands | Status: 200 | Size: 10369 bytes | ⏳ Time: 202.440 ms
[07/Apr/2025:04:10:01 +0000] | GET | /api/logos/3Com_logo.png | Status: 200 | Size: 2112 bytes | ⏳ Time: 6.355 ms
[07/Apr/2025:04:10:01 +0000] | GET | /api/logos/3M_logo.png | Status: 200 | Size: 2785 bytes | ⏳ Time: 1.743 ms
[07/Apr/2025:04:10:01 +0000] | GET | /api/logos/ACCTOM_logo.png | Status: 200 | Size: 2739 bytes | ⏳ Time: 3.088 ms
[07/Apr/2025:04:10:01 +0000] | GET | /api/logos/ACT_Networks_logo.png | Status: 200 | Size: 1172 bytes | ⏳ Time: 1.437 ms
[07/Apr/2025:04:10:01 +0000] | GET | /api/logos/ACTEL_logo.png | Status: 200 | Size: 2025 bytes | ⏳ Time: 1.509 ms
[07/Apr/2025:04:10:01 +0000] | GET | /api/logos/ADAPTEC_logo.png | Status: 200 | Size: 790 bytes | ⏳ Time: 1.206 ms
[07/Apr/2025:04:10:01 +0000] | GET | /api/logos/ADAX_logo.png | Status: 200 | Size: 5934 bytes | ⏳ Time: 1.484 ms
[07/Apr/2025:04:10:01 +0000] | GET | /api/logos/ADC_logo.png | Status: 200 | Size: 798 bytes | ⏳ Time: 1.486 ms
[07/Apr/2025:04:10:01 +0000] | GET | /api/logos/ADIC_logo.png | Status: 200 | Size: 1390 bytes | ⏳ Time: 1.958 ms
[07/Apr/2025:04:10:01 +0000] | GET | /api/logos/ADLINK_logo.png | Status: 200 | Size: 703 bytes | ⏳ Time: 6.704 ms
[07/Apr/2025:04:10:01 +0000] | GET | /api/logos/ADVANTECH_logo.png | Status: 200 | Size: 985 bytes | ⏳ Time: 5.998 ms
[07/Apr/2025:04:10:01 +0000] | GET | /api/logos/AIRPAX_logo.png | Status: 200 | Size: 326 bytes | ⏳ Time: 10.761 ms
[07/Apr/2025:04:10:01 +0000] | GET | /api/logos/AIRSPAN_logo.png | Status: 200 | Size: 7103 bytes | ⏳ Time: 9.731 ms
[07/Apr/2025:04:10:01 +0000] | GET | /api/logos/AIWA_logo.png | Status: 200 | Size: 1769 bytes | ⏳ Time: 9.895 ms
[07/Apr/2025:04:10:02 +0000] | GET | /api/logos/AKG_logo.png | Status: 200 | Size: 4895 bytes | ⏳ Time: 8.965 ms
[07/Apr/2025:04:10:02 +0000] | GET | /api/logos/ALTERA_logo.png | Status: 200 | Size: 2564 bytes | ⏳ Time: 10.925 ms
[07/Apr/2025:04:10:02 +0000] | GET | /api/logos/AMD_logo.png | Status: 200 | Size: 183 bytes | ⏳ Time: 10.903 ms
[07/Apr/2025:04:10:02 +0000] | GET | /api/logos/AMI_logo.png | Status: 200 | Size: 1334 bytes | ⏳ Time: 15.197 ms
[07/Apr/2025:04:10:02 +0000] | GET | /api/logos/AMP_logo.png | Status: 200 | Size: 166 bytes | ⏳ Time: 6.445 ms
[07/Apr/2025:04:10:02 +0000] | GET | /api/logos/AMPHENOL_logo.png | Status: 200 | Size: 1006 bytes | ⏳ Time: 5.275 ms
[07/Apr/2025:04:10:02 +0000] | GET | /api/logos/AMTELCO_logo.png | Status: 200 | Size: 1002 bytes | ⏳ Time: 5.362 ms
[07/Apr/2025:04:10:02 +0000] | GET | /api/logos/ANNSO_logo.png | Status: 200 | Size: 2504 bytes | ⏳ Time: 5.099 ms
[07/Apr/2025:04:10:02 +0000] | GET | /api/logos/ANRITSU_logo.png | Status: 200 | Size: 807 bytes | ⏳ Time: 5.526 ms
[07/Apr/2025:04:10:02 +0000] | GET | /api/logos/ANTEC_logo.png | Status: 200 | Size: 685 bytes | ⏳ Time: 7.169 ms
[07/Apr/2025:04:10:02 +0000] | GET | /api/logos/APC_logo.png | Status: 200 | Size: 674 bytes | ⏳ Time: 5.171 ms
[07/Apr/2025:04:10:02 +0000] | GET | /api/logos/APPLE_logo.png | Status: 200 | Size: 2468 bytes | ⏳ Time: 3.816 ms
[07/Apr/2025:04:10:02 +0000] | GET | /api/logos/ARENA_logo.png | Status: 200 | Size: 1248 bytes | ⏳ Time: 5.220 ms
[07/Apr/2025:04:10:02 +0000] | GET | /api/logos/ARRIS_logo.png | Status: 200 | Size: 798 bytes | ⏳ Time: 7.200 ms
[07/Apr/2025:04:10:02 +0000] | GET | /api/logos/ASCOM_logo.png | Status: 200 | Size: 415 bytes | ⏳ Time: 6.000 ms
[07/Apr/2025:04:10:02 +0000] | GET | /api/logos/ASTEC_logo.png | Status: 200 | Size: 1645 bytes | ⏳ Time: 4.754 ms
[07/Apr/2025:04:10:02 +0000] | GET | /api/logos/AT_T_logo.png | Status: 200 | Size: 776 bytes | ⏳ Time: 8.703 ms
[07/Apr/2025:04:10:02 +0000] | GET | /api/logos/ATCA_logo.png | Status: 200 | Size: 1152 bytes | ⏳ Time: 4.622 ms
[07/Apr/2025:04:10:02 +0000] | GET | /api/logos/ATEN_logo.png | Status: 200 | Size: 437 bytes | ⏳ Time: 3.579 ms
[07/Apr/2025:04:10:02 +0000] | GET | /api/logos/ATHENA_logo.png | Status: 200 | Size: 851 bytes | ⏳ Time: 4.900 ms
[07/Apr/2025:04:10:02 +0000] | GET | /api/logos/ATI_logo.png | Status: 200 | Size: 183 bytes | ⏳ Time: 2.950 ms
[07/Apr/2025:04:10:02 +0000] | GET | /api/logos/ATTO_logo.png | Status: 200 | Size: 898 bytes | ⏳ Time: 4.993 ms
[07/Apr/2025:04:10:02 +0000] | GET | /api/logos/AVAYA_logo.png | Status: 200 | Size: 837 bytes | ⏳ Time: 4.650 ms
[07/Apr/2025:04:10:02 +0000] | GET | /api/logos/AVOCENT_logo.png | Status: 200 | Size: 2764 bytes | ⏳ Time: 6.751 ms
[07/Apr/2025:04:10:02 +0000] | GET | /api/logos/AXIOMTEK_logo.png | Status: 200 | Size: 1369 bytes | ⏳ Time: 4.775 ms
[07/Apr/2025:04:10:02 +0000] | GET | /api/logos/ActionTec_logo.png | Status: 200 | Size: 1531 bytes | ⏳ Time: 0.668 ms
[07/Apr/2025:04:10:02 +0000] | GET | /api/logos/Aeroflex_logo.png | Status: 200 | Size: 1566 bytes | ⏳ Time: 3.486 ms
[07/Apr/2025:04:10:02 +0000] | GET | /api/logos/Ai_logix_logo.png | Status: 200 | Size: 2541 bytes | ⏳ Time: 8.473 ms
[07/Apr/2025:04:10:02 +0000] | GET | /api/logos/Aladdin_logo.png | Status: 200 | Size: 1506 bytes | ⏳ Time: 4.185 ms
[07/Apr/2025:04:10:02 +0000] | GET | /api/logos/Albatron_logo.png | Status: 200 | Size: 13665 bytes | ⏳ Time: 4.397 ms
[07/Apr/2025:04:10:02 +0000] | GET | /api/logos/Allen_Bradley_logo.png | Status: 200 | Size: 3115 bytes | ⏳ Time: 3.170 ms
[07/Apr/2025:04:10:02 +0000] | GET | /api/logos/Allied_Telesis_logo.png | Status: 200 | Size: 885 bytes | ⏳ Time: 4.211 ms
[07/Apr/2025:04:10:02 +0000] | GET | /api/logos/Allot_logo.png | Status: 200 | Size: 2498 bytes | ⏳ Time: 3.818 ms
[07/Apr/2025:04:10:02 +0000] | GET | /api/logos/Alpha_logo.png | Status: 200 | Size: 1081 bytes | ⏳ Time: 5.788 ms
[07/Apr/2025:04:10:03 +0000] | GET | /api/logos/American_Dynamics_logo.png | Status: 200 | Size: 3183 bytes | ⏳ Time: 4.341 ms
[07/Apr/2025:04:10:03 +0000] | GET | /api/logos/Applied_M_logo.png | Status: 200 | Size: 1569 bytes | ⏳ Time: 4.528 ms
[07/Apr/2025:04:10:03 +0000] | GET | /api/logos/Artesyn_logo.png | Status: 200 | Size: 912 bytes | ⏳ Time: 5.544 ms
[07/Apr/2025:04:10:03 +0000] | GET | /api/logos/Audio_Precision_logo.png | Status: 200 | Size: 868 bytes | ⏳ Time: 4.200 ms
[07/Apr/2025:04:10:03 +0000] | GET | /api/logos/Audiocodes_logo.png | Status: 200 | Size: 2000 bytes | ⏳ Time: 3.502 ms
[07/Apr/2025:04:10:03 +0000] | GET | /api/logos/AverMedia_logo.png | Status: 200 | Size: 1203 bytes | ⏳ Time: 3.680 ms
[07/Apr/2025:04:10:03 +0000] | GET | /api/logos/Aware_logo.png | Status: 200 | Size: 466 bytes | ⏳ Time: 3.912 ms
[07/Apr/2025:04:10:03 +0000] | GET | /api/logos/BALDOR_logo.png | Status: 200 | Size: 541 bytes | ⏳ Time: 4.470 ms
[07/Apr/2025:04:10:03 +0000] | GET | /api/logos/BARIX_logo.png | Status: 200 | Size: 662 bytes | ⏳ Time: 4.109 ms
[07/Apr/2025:04:10:03 +0000] | GET | /api/logos/BARRACUDA_logo.png | Status: 200 | Size: 1168 bytes | ⏳ Time: 4.040 ms
[07/Apr/2025:04:10:03 +0000] | GET | /api/logos/BECKHOFF_logo.png | Status: 200 | Size: 2151 bytes | ⏳ Time: 4.604 ms
[07/Apr/2025:04:10:03 +0000] | GET | /api/logos/BELKIN_logo.png | Status: 200 | Size: 1951 bytes | ⏳ Time: 5.365 ms
[07/Apr/2025:04:10:03 +0000] | GET | /api/logos/BIO__LOGIC_logo.png | Status: 200 | Size: 382 bytes | ⏳ Time: 4.664 ms
[07/Apr/2025:04:10:03 +0000] | GET | /api/logos/BLACK_BOX_logo.png | Status: 200 | Size: 564 bytes | ⏳ Time: 5.092 ms
[07/Apr/2025:04:10:03 +0000] | GET | /api/logos/BUFFALO_logo.png | Status: 200 | Size: 233 bytes | ⏳ Time: 4.090 ms
[07/Apr/2025:04:10:03 +0000] | GET | /api/logos/Barco_logo.png | Status: 200 | Size: 790 bytes | ⏳ Time: 5.784 ms
[07/Apr/2025:04:10:03 +0000] | GET | /api/logos/Blackberry_logo.png | Status: 200 | Size: 1148 bytes | ⏳ Time: 5.076 ms
[07/Apr/2025:04:10:03 +0000] | GET | /api/logos/Blue_Wave_logo.png | Status: 200 | Size: 582 bytes | ⏳ Time: 4.093 ms
[07/Apr/2025:04:10:03 +0000] | GET | /api/logos/Borland_logo.png | Status: 200 | Size: 2757 bytes | ⏳ Time: 3.832 ms
[07/Apr/2025:04:10:03 +0000] | GET | /api/logos/Bosch_logo.png | Status: 200 | Size: 2860 bytes | ⏳ Time: 3.827 ms
[07/Apr/2025:04:10:03 +0000] | GET | /api/logos/Breezecom_logo.png | Status: 200 | Size: 2121 bytes | ⏳ Time: 4.974 ms
[07/Apr/2025:04:10:03 +0000] | GET | /api/logos/Broadcom_logo.png | Status: 200 | Size: 4730 bytes | ⏳ Time: 3.239 ms
[07/Apr/2025:04:10:03 +0000] | GET | /api/logos/Brocade_logo.png | Status: 200 | Size: 4730 bytes | ⏳ Time: 4.452 ms
[07/Apr/2025:04:10:03 +0000] | GET | /api/logos/Brother_logo.png | Status: 200 | Size: 2082 bytes | ⏳ Time: 4.488 ms
[07/Apr/2025:04:10:03 +0000] | GET | /api/logos/Bruel___Kjaer_logo.png | Status: 200 | Size: 1888 bytes | ⏳ Time: 5.769 ms
[07/Apr/2025:04:10:03 +0000] | GET | /api/logos/BusLogic_logo.png | Status: 200 | Size: 1619 bytes | ⏳ Time: 4.428 ms
[07/Apr/2025:04:10:03 +0000] | GET | /api/logos/CADENCE_logo.png | Status: 200 | Size: 142 bytes | ⏳ Time: 3.215 ms
[07/Apr/2025:04:10:03 +0000] | GET | /api/logos/CANARY_logo.png | Status: 200 | Size: 324 bytes | ⏳ Time: 3.305 ms
[07/Apr/2025:04:10:03 +0000] | GET | /api/logos/CHECKPOINT_logo.png | Status: 200 | Size: 1452 bytes | ⏳ Time: 5.723 ms
[07/Apr/2025:04:10:03 +0000] | GET | /api/logos/CHENBRO_logo.png | Status: 200 | Size: 1000 bytes | ⏳ Time: 11.952 ms
[07/Apr/2025:04:10:03 +0000] | GET | /api/logos/CHERRY_logo.png | Status: 200 | Size: 2296 bytes | ⏳ Time: 7.865 ms
[07/Apr/2025:04:10:03 +0000] | GET | /api/logos/CINCON_logo.png | Status: 200 | Size: 557 bytes | ⏳ Time: 5.786 ms
[07/Apr/2025:04:10:03 +0000] | GET | /api/logos/CINEVIEW_logo.png | Status: 200 | Size: 1096 bytes | ⏳ Time: 6.711 ms
[07/Apr/2025:04:10:03 +0000] | GET | /api/logos/CITRIX_logo.png | Status: 200 | Size: 1119 bytes | ⏳ Time: 5.728 ms
[07/Apr/2025:04:10:03 +0000] | GET | /api/logos/CMD_logo.png | Status: 200 | Size: 4587 bytes | ⏳ Time: 6.921 ms
[07/Apr/2025:04:10:03 +0000] | GET | /api/logos/COBY_logo.png | Status: 200 | Size: 4335 bytes | ⏳ Time: 5.789 ms
[07/Apr/2025:04:10:03 +0000] | GET | /api/logos/COMBOX_logo.png | Status: 200 | Size: 1724 bytes | ⏳ Time: 7.601 ms
[07/Apr/2025:04:10:03 +0000] | GET | /api/logos/COMMAX_logo.png | Status: 200 | Size: 328 bytes | ⏳ Time: 6.542 ms
[07/Apr/2025:04:10:03 +0000] | GET | /api/logos/CableLabs_logo.png | Status: 200 | Size: 2419 bytes | ⏳ Time: 5.337 ms
[07/Apr/2025:04:10:03 +0000] | GET | /api/logos/Charles_Industries_logo.png | Status: 200 | Size: 1373 bytes | ⏳ Time: 4.712 ms
[07/Apr/2025:04:10:03 +0000] | GET | /api/logos/Cincon_logo.png | Status: 200 | Size: 557 bytes | ⏳ Time: 0.989 ms
[07/Apr/2025:04:10:03 +0000] | GET | /api/logos/Cisco_logo.png | Status: 200 | Size: 201 bytes | ⏳ Time: 4.001 ms
[07/Apr/2025:04:10:03 +0000] | GET | /api/logos/Com_Group_logo.png | Status: 200 | Size: 2323 bytes | ⏳ Time: 5.231 ms
[07/Apr/2025:04:10:03 +0000] | GET | /api/logos/Compaq_logo.png | Status: 200 | Size: 1353 bytes | ⏳ Time: 4.606 ms
[07/Apr/2025:04:10:03 +0000] | GET | /api/logos/acc_logo.png | Status: 200 | Size: 244 bytes | ⏳ Time: 1.064 ms
[07/Apr/2025:04:10:03 +0000] | GET | /api/logos/apc_logo.png | Status: 200 | Size: 674 bytes | ⏳ Time: 0.936 ms
[07/Apr/2025:04:10:03 +0000] | GET | /api/logos/areca_logo.png | Status: 200 | Size: 2112 bytes | ⏳ Time: 3.643 ms
[07/Apr/2025:04:10:03 +0000] | GET | /api/logos/asus_logo.png | Status: 200 | Size: 1164 bytes | ⏳ Time: 4.771 ms
[07/Apr/2025:04:10:03 +0000] | GET | /api/logos/bel_line_logo.png | Status: 200 | Size: 1996 bytes | ⏳ Time: 4.551 ms
[07/Apr/2025:04:10:03 +0000] | GET | /api/logos/chaparral_logo.png | Status: 200 | Size: 1174 bytes | ⏳ Time: 3.928 ms
[07/04/2025, 8:01:12] | "POST" | /api/users/upload | Status: 400 | Size: 51 bytes | ⏳ Time: 154 ms
[07/04/2025, 8:01:31] | "POST" | /api/users/upload | Status: 400 | Size: 51 bytes | ⏳ Time: 155 ms
[07/04/2025, 8:03:45] | "POST" | /api/users/upload | Status: 400 | Size: 138 bytes | ⏳ Time: 163 ms
[07/04/2025, 8:07:23] | "POST" | /api/users/upload | Status: 400 | Size: 139 bytes | ⏳ Time: 853 ms
[07/04/2025, 8:07:36] | "POST" | /api/users/upload | Status: 400 | Size: 139 bytes | ⏳ Time: 808 ms
[07/04/2025, 8:10:04] | "GET" | /api/users | Status: 404 | Size: 12 bytes | ⏳ Time: 147 ms
[07/04/2025, 8:10:12] | "GET" | /api/users | Status: 404 | Size: 12 bytes | ⏳ Time: 149 ms
[07/04/2025, 8:11:11] | "GET" | /api/users | Status: 404 | Size: 12 bytes | ⏳ Time: 162 ms
[07/04/2025, 8:12:09] | "POST" | /api/users/login | Status: 400 | Size: 31 bytes | ⏳ Time: 354 ms
[07/04/2025, 8:12:27] | "POST" | /api/users/login | Status: 400 | Size: 31 bytes | ⏳ Time: 346 ms
[07/04/2025, 8:14:06] | "POST" | /api/users/login | Status: 400 | Size: 31 bytes | ⏳ Time: 381 ms
[07/04/2025, 8:15:15] | "POST" | /api/users/upload | Status: 400 | Size: 138 bytes | ⏳ Time: 150 ms
[07/04/2025, 8:16:14] | "POST" | /api/users/upload | Status: 400 | Size: 138 bytes | ⏳ Time: 928 ms
[07/04/2025, 8:16:51] | "GET" | /api/users/67d7acd53e8c91a1d4ead9a6 | Status: 404 | Size: 12 bytes | ⏳ Time: 1116 ms
[07/04/2025, 8:18:49] | "POST" | /api/users/login | Status: 400 | Size: 31 bytes | ⏳ Time: 378 ms
[07/04/2025, 8:19:45] | "POST" | /api/users/login | Status: 400 | Size: 31 bytes | ⏳ Time: 345 ms
[07/04/2025, 9:09:57] | "PATCH" | /api/stocks/67f13f43c9d7cd9bc74d9941 | Status: 404 | Size: 42 bytes | ⏳ Time: 1 ms
[07/04/2025, 9:10:04] | "PATCH" | /api/stocks/67f13f43c9d7cd9bc74d9941 | Status: 404 | Size: 42 bytes | ⏳ Time: 0 ms
[07/04/2025, 9:11:28] | "PATCH" | /api/stocks/67f13f43c9d7cd9bc74d9941 | Status: 404 | Size: 42 bytes | ⏳ Time: 1 ms
[07/04/2025, 9:13:05] | "PATCH" | /api/stocks/67f13f43c9d7cd9bc74d9941 | Status: 404 | Size: 42 bytes | ⏳ Time: 1 ms
[07/04/2025, 13:56:56] | "POST" | /api/users/login | Status: 400 | Size: 52 bytes | ⏳ Time: 2 ms
[07/04/2025, 14:09:16] | "POST" | /api/admin/backup | Status: 500 | Size: 76 bytes | ⏳ Time: 217 ms
[07/04/2025, 14:09:20] | "POST" | /api/admin/backup | Status: 500 | Size: 76 bytes | ⏳ Time: 154 ms
[07/04/2025, 14:09:25] | "POST" | /api/admin/backup | Status: 500 | Size: 76 bytes | ⏳ Time: 156 ms
[07/04/2025, 14:14:38] | "POST" | /api/admin/backup | Status: 500 | Size: 101 bytes | ⏳ Time: 28 ms
[07/04/2025, 14:25:28] | "GET" | /api/admin/backups | Status: 500 | Size: 81 bytes | ⏳ Time: 4 ms
[07/04/2025, 14:27:05] | "GET" | /api/admin/backups | Status: 500 | Size: 81 bytes | ⏳ Time: 31 ms
[07/04/2025, 14:29:59] | "GET" | /api/admin/backups | Status: 500 | Size: 81 bytes | ⏳ Time: 29 ms
[07/04/2025, 14:37:39] | "POST" | /api/admin/restore | Status: 500 | Size: 139 bytes | ⏳ Time: 27 ms
[07/04/2025, 14:48:17] | "PATCH" | /api/favorites/67f13f43c9d7cd9bc74d9941 | Status: 404 | Size: 15 bytes | ⏳ Time: 165 ms
[07/04/2025, 14:49:29] | "GET" | /api/users/67d7acd53e8c91a1d4ead9a6 | Status: 404 | Size: 12 bytes | ⏳ Time: 150 ms
[07/04/2025, 14:52:52] | "PATCH" | /api/favorites/67f13f43c9d7cd9bc74d9941 | Status: 404 | Size: 15 bytes | ⏳ Time: 159 ms
[07/04/2025, 14:54:07] | "GET" | /api/favorites | Status: 400 | Size: 69 bytes | ⏳ Time: 22 ms
[07/04/2025, 14:55:34] | "PATCH" | /api/favorites/67f13f43c9d7cd9bc74d9941 | Status: 404 | Size: 15 bytes | ⏳ Time: 151 ms
[07/04/2025, 14:57:26] | "PATCH" | /api/favorites/67f13f43c9d7cd9bc74d9941 | Status: 404 | Size: 15 bytes | ⏳ Time: 157 ms
[07/04/2025, 14:57:35] | "PATCH" | /api/favorites/67f13f43c9d7cd9bc74d9953 | Status: 404 | Size: 15 bytes | ⏳ Time: 151 ms
[07/04/2025, 14:57:35] | "PATCH" | /api/favorites/67f13f43c9d7cd9bc74d995f | Status: 404 | Size: 15 bytes | ⏳ Time: 152 ms
[07/04/2025, 14:57:54] | "PATCH" | /api/cart/67f13f43c9d7cd9bc74d9943 | Status: 404 | Size: 15 bytes | ⏳ Time: 159 ms
[07/04/2025, 15:00:19] | "GET" | /api/cart | Status: 400 | Size: 54 bytes | ⏳ Time: 19 ms
[07/04/2025, 15:00:19] | "GET" | /api/favorites | Status: 400 | Size: 54 bytes | ⏳ Time: 2 ms
[07/04/2025, 15:00:29] | "GET" | /api/favorites | Status: 400 | Size: 54 bytes | ⏳ Time: 2 ms
[07/04/2025, 15:00:29] | "GET" | /api/cart | Status: 400 | Size: 54 bytes | ⏳ Time: 2 ms
[07/04/2025, 15:00:39] | "GET" | /api/favorites | Status: 400 | Size: 54 bytes | ⏳ Time: 2 ms
[07/04/2025, 15:00:39] | "GET" | /api/cart | Status: 400 | Size: 54 bytes | ⏳ Time: 1 ms
[07/04/2025, 15:00:47] | "PATCH" | /api/favorites/67f13f43c9d7cd9bc74d9941 | Status: 400 | Size: 54 bytes | ⏳ Time: 1 ms
[07/04/2025, 15:01:47] | "PATCH" | /api/favorites/67f13f43c9d7cd9bc74d9941 | Status: 404 | Size: 15 bytes | ⏳ Time: 160 ms
[07/04/2025, 15:03:42] | "PATCH" | /api/favorites/67f13f43c9d7cd9bc74d9941 | Status: 404 | Size: 15 bytes | ⏳ Time: 158 ms
[07/04/2025, 15:17:38] | "PATCH" | /api/favorites/67f13f43c9d7cd9bc74d9941 | Status: 404 | Size: 15 bytes | ⏳ Time: 153 ms
[07/04/2025, 15:17:42] | "PATCH" | /api/favorites/67f13f43c9d7cd9bc74d9943 | Status: 404 | Size: 15 bytes | ⏳ Time: 150 ms
[07/04/2025, 15:22:24] | "PATCH" | /api/favorites/67f13f43c9d7cd9bc74d9941 | Status: 404 | Size: 15 bytes | ⏳ Time: 153 ms
[07/04/2025, 15:22:31] | "PATCH" | /api/favorites/67f13f43c9d7cd9bc74d9943 | Status: 404 | Size: 15 bytes | ⏳ Time: 152 ms
[07/04/2025, 15:26:38] | "PATCH" | /api/favorites/67f13f43c9d7cd9bc74d9941 | Status: 404 | Size: 15 bytes | ⏳ Time: 154 ms
[07/04/2025, 15:27:53] | "PATCH" | /api/favorites/67f13f43c9d7cd9bc74d9941 | Status: 404 | Size: 15 bytes | ⏳ Time: 152 ms
[07/04/2025, 15:29:19] | "PATCH" | /api/favorites/67f13f43c9d7cd9bc74d998a | Status: 404 | Size: 15 bytes | ⏳ Time: 159 ms
[07/04/2025, 15:30:32] | "PATCH" | /api/favorites/67f13f43c9d7cd9bc74d9941 | Status: 404 | Size: 15 bytes | ⏳ Time: 152 ms
[07/04/2025, 15:32:26] | "PATCH" | /api/favorites/67f13f43c9d7cd9bc74d9941 | Status: 404 | Size: 127 bytes | ⏳ Time: 163 ms
[07/04/2025, 15:34:17] | "PATCH" | /api/favorites/67f13f43c9d7cd9bc74d9941 | Status: 400 | Size: 54 bytes | ⏳ Time: 1 ms
[07/04/2025, 15:36:15] | "PATCH" | /api/favorites/67f13f43c9d7cd9bc74d9941 | Status: 404 | Size: 127 bytes | ⏳ Time: 160 ms
[07/04/2025, 15:37:00] | "GET" | /api/stocks/67f13f43c9d7cd9bc74d9941 | Status: 404 | Size: 15 bytes | ⏳ Time: 158 ms
[07/04/2025, 15:58:17] | "GET" | /api/favorites/all | Status: 400 | Size: 98 bytes | ⏳ Time: 197 ms
[07/04/2025, 16:11:22] | "GET" | /api/logos/Bruel___Kjaer_logo.png | Status: 404 | Size: 42 bytes | ⏳ Time: 2 ms
[07/04/2025, 16:27:36] | "GET" | /api/cart | Status: 401 | Size: 127 bytes | ⏳ Time: 2 ms
[07/04/2025, 16:27:36] | "GET" | /api/favorites | Status: 401 | Size: 127 bytes | ⏳ Time: 2 ms
[07/04/2025, 17:18:42] | "GET" | /api/users | Status: 401 | Size: 127 bytes | ⏳ Time: 3 ms
[07/04/2025, 17:27:02] | "PUT" | /api/users/67d7acd53e8c91a1d4ead9a3 | Status: 401 | Size: 127 bytes | ⏳ Time: 2 ms
[07/04/2025, 17:27:59] | "POST" | /api/users/login | Status: 400 | Size: 52 bytes | ⏳ Time: 3 ms
[07/04/2025, 17:37:21] | "GET" | /api/users | Status: 401 | Size: 127 bytes | ⏳ Time: 1 ms
